<?xml version="1.0" encoding="UTF-8"?>
<!-- Generated by org.testng.reporters.JUnitXMLReporter -->
<testsuite ignored="0" hostname="DESKTOP-KCJU303" failures="0" tests="5" name="Test" time="475.504" errors="0" timestamp="2024-03-14T09:24:21 IST">
  <testcase classname="com.xyzbank.qa.testcases.TC003_AddNewCustomerTest" name="verifyManagerLogin" time="2.763"/>
  <testcase classname="com.xyzbank.qa.testcases.TC004_OpenNewAccountTest" name="createAccount" time="2.673"/>
  <testcase classname="com.xyzbank.qa.testcases.TC005_SearchCustomerTest" name="verifySearch" time="2.577"/>
  <testcase classname="com.xyzbank.qa.testcases.TC001_HomepageTest" name="homePageTest" time="2.151"/>
  <testcase classname="com.xyzbank.qa.testcases.TC002_LoginTest" name="verifyLogin" time="2.453"/>
</testsuite> <!-- Test -->
