<?xml version="1.0" encoding="UTF-8"?>
<!-- Generated by org.testng.reporters.JUnitXMLReporter -->
<testsuite ignored="0" hostname="DESKTOP-KCJU303" failures="0" tests="5" name="Test" time="47.918" errors="0" timestamp="2024-03-14T09:20:30 IST">
  <testcase classname="com.xyzbank.qa.testcases.TC003_AddNewCustomerTest" name="verifyManagerLogin" time="2.018"/>
  <testcase classname="com.xyzbank.qa.testcases.TC004_OpenNewAccountTest" name="createAccount" time="3.287"/>
  <testcase classname="com.xyzbank.qa.testcases.TC005_SearchCustomerTest" name="verifySearch" time="3.113"/>
  <testcase classname="com.xyzbank.qa.testcases.TC001_HomepageTest" name="homePageTest" time="0.96"/>
  <testcase classname="com.xyzbank.qa.testcases.TC002_LoginTest" name="verifyLogin" time="3.345"/>
</testsuite> <!-- Test -->
